<?xml version="1.0" encoding="UTF-8"?>
<testsuite xmlns:xsi="http://www.w3.org/2001/XMLSchema-instance" xsi:noNamespaceSchemaLocation="https://maven.apache.org/surefire/maven-surefire-plugin/xsd/surefire-test-report-3.0.xsd" version="3.0" name="com.amit.Lab7Assignment3.AppTest" time="2.233" tests="3" errors="0" skipped="0" failures="0">
  <properties>
[...]
</properties>
  <testcase name="test_button_test(FxRobot)" classname="com.amit.Lab7Assignment3.AppTest" time="1.155"/>
  <testcase name="test_label_is_empty(FxRobot)" classname="com.amit.Lab7Assignment3.AppTest" time="0.235"/>
  <testcase name="test_button_click(FxRobot)" classname="com.amit.Lab7Assignment3.AppTest" time="0.829"/>
</testsuite>